A D/etc.amiga////
A D/etc.arc////
A D/etc.arm32////
A D/etc.atari////
A D/etc.cats////
A D/etc.pc532////
A D/etc.pegasos////
A D/etc.pica////
A D/etc.pmax////
A D/etc.powerpc////
A D/etc.sun3////
A D/etc.wgrisc////
A D/etc.x68k////
A D/kerberosIV////
A D/namedb////
A D/photuris////
R D/photuris////
R D/namedb////
R D/kerberosIV////
R D/etc.x68k////
R D/etc.wgrisc////
R D/etc.sun3////
R D/etc.powerpc////
R D/etc.pmax////
R D/etc.pica////
R D/etc.pegasos////
R D/etc.pc532////
R D/etc.cats////
R D/etc.atari////
R D/etc.arm32////
R D/etc.arc////
R D/etc.amiga////
