A D/atrun////
A D/ftp-proxy////
A D/lfs_cleanerd////
A D/login_kerberos////
A D/login_krb-or-pwd////
A D/login_krb4////
A D/login_krb4-or-pwd////
A D/makekey////
A D/popa3d////
A D/rexecd////
A D/rlogind////
A D/rpc.lockd////
A D/security////
A D/smtpd////
A D/telnetd////
R D/telnetd////
R D/smtpd////
R D/rpc.lockd////
R D/rlogind////
R D/rexecd////
R D/popa3d////
R D/makekey////
R D/login_krb4-or-pwd////
R D/login_krb4////
R D/login_krb-or-pwd////
R D/login_kerberos////
R D/lfs_cleanerd////
R D/ftp-proxy////
R D/atrun////
