A D/ancontrol////
A D/bim////
A D/brconfig////
A D/config_slot////
A D/dumplfs////
A D/edlabel////
A D/fastboot////
A D/fsck_vnd////
A D/ifconfig////
A D/ipf////
A D/ipfstat////
A D/ipnat////
A D/ipsec////
A D/ipsecadm////
A D/ipwcontrol////
A D/iwicontrol////
A D/lmcctl////
A D/md5////
A D/mount_ados////
A D/mount_fdesc////
A D/mount_kernfs////
A D/mount_lfs////
A D/mount_null////
A D/mount_portal////
A D/mount_tcfs////
A D/mount_umap////
A D/mount_union////
A D/mount_xfs////
A D/newlfs////
A D/nfsiod////
A D/nmeaattach////
A D/pcmcia_cntrl////
A D/pfm////
A D/photurisd////
A D/rdisc////
A D/routed////
A D/savecore.old////
A D/spppcontrol////
A D/startkey////
A D/swapon////
A D/wdogctl////
A D/wicontrol////
A D/wpa-psk////
R D/wpa-psk////
R D/wicontrol////
R D/wdogctl////
R D/swapon////
R D/startkey////
R D/spppcontrol////
R D/savecore.old////
R D/routed////
R D/rdisc////
R D/photurisd////
R D/pfm////
R D/pcmcia_cntrl////
R D/nmeaattach////
R D/nfsiod////
R D/newlfs////
R D/mount_xfs////
R D/mount_union////
R D/mount_umap////
R D/mount_tcfs////
R D/mount_portal////
R D/mount_null////
R D/mount_lfs////
R D/mount_kernfs////
R D/mount_fdesc////
R D/mount_ados////
R D/md5////
R D/lmcctl////
R D/iwicontrol////
R D/ipwcontrol////
R D/ipsecadm////
R D/ipsec////
R D/ipnat////
R D/ipfstat////
R D/ipf////
R D/fsck_vnd////
R D/fastboot////
R D/edlabel////
R D/dumplfs////
R D/config_slot////
R D/brconfig////
R D/bim////
R D/ancontrol////
