A D/checknr////
A D/chflags////
A D/cksum////
A D/colcrt////
A D/elf2aout////
A D/elf2ecoff////
A D/elf2olf////
A D/error////
A D/fdeject////
A D/fpr////
A D/gcore////
A D/info_mkdb////
A D/keynote-keygen////
A D/keynote-sign////
A D/keynote-sigver////
A D/keynote-verify////
A D/learn////
A D/machine////
A D/mk_cmds////
A D/mkfifo////
A D/more////
A D/msgs////
A D/pctrctl////
A D/pnpinfo////
A D/rlogin////
A D/sectok////
A D/size////
A D/soelim////
A D/sup////
A D/tcfs////
A D/tn3270////
A D/tunerctl////
A D/vgrind////
A D/vim////
A D/whereis////
A D/window////
R D/window////
R D/whereis////
R D/vim////
R D/vgrind////
R D/tunerctl////
R D/tn3270////
R D/tcfs////
R D/sup////
R D/soelim////
R D/size////
R D/sectok////
R D/rlogin////
R D/pnpinfo////
R D/pctrctl////
R D/msgs////
R D/more////
R D/mkfifo////
R D/mk_cmds////
R D/machine////
R D/learn////
R D/keynote-verify////
R D/keynote-sigver////
R D/keynote-sign////
R D/keynote-keygen////
R D/info_mkdb////
R D/gcore////
R D/fpr////
R D/fdeject////
R D/error////
R D/elf2olf////
R D/elf2ecoff////
R D/elf2aout////
R D/colcrt////
R D/cksum////
R D/chflags////
R D/checknr////
