A D/acpid////
A D/acpiscan////
A D/altq////
A D/altqd////
A D/bad144////
A D/bootpd////
A D/bootpef////
A D/bootpgw////
A D/bootptest////
A D/brconfig////
A D/catman////
A D/chown////
A D/config.old////
A D/ctm////
A D/dbsym////
A D/dhcp////
A D/diskpart////
A D/extattrctl////
A D/getextattr////
A D/gettable////
A D/gifconfig////
A D/grfconfig////
A D/grfinfo////
A D/gspa////
A D/hilinfo////
A D/hostatectl////
A D/hostated////
A D/hoststatectl////
A D/hoststated////
A D/htable////
A D/ifmcstat////
A D/ipfs////
A D/ipftest////
A D/ipmon////
A D/ipsend////
A D/iteconfig////
A D/makedbm////
A D/moused////
A D/named////
A D/pccon////
A D/pcmciad////
A D/pfm////
A D/pkg////
A D/pkg_install////
A D/pppctl////
A D/pvcbridge////
A D/pvcsif////
A D/pvctxctl////
A D/rpc.pcnfsd////
A D/screenblank////
A D/sendmail////
A D/sesd////
A D/setextattr////
A D/spppcontrol////
A D/ssio////
A D/ssleay////
A D/stdhosts////
A D/sysctl////
A D/trsp////
A D/update////
A D/videomode////
A D/vnconfig////
A D/wake////
R D/wake////
R D/vnconfig////
R D/videomode////
R D/update////
R D/trsp////
R D/sysctl////
R D/stdhosts////
R D/ssleay////
R D/ssio////
R D/spppcontrol////
R D/setextattr////
R D/sesd////
R D/sendmail////
R D/screenblank////
R D/rpc.pcnfsd////
R D/pvctxctl////
R D/pvcsif////
R D/pvcbridge////
R D/pppctl////
R D/pkg_install////
R D/pkg////
R D/pfm////
R D/pcmciad////
R D/pccon////
R D/named////
R D/moused////
R D/makedbm////
R D/iteconfig////
R D/ipsend////
R D/ipmon////
R D/ipftest////
R D/ipfs////
R D/ifmcstat////
R D/htable////
R D/hoststated////
R D/hoststatectl////
R D/hostated////
R D/hostatectl////
R D/hilinfo////
R D/gspa////
R D/grfinfo////
R D/grfconfig////
R D/gifconfig////
R D/gettable////
R D/getextattr////
R D/extattrctl////
R D/diskpart////
R D/dhcp////
R D/dbsym////
R D/ctm////
R D/config.old////
R D/chown////
R D/catman////
R D/brconfig////
R D/bootptest////
R D/bootpgw////
R D/bootpef////
R D/bootpd////
R D/bad144////
R D/altqd////
R D/altq////
R D/acpiscan////
R D/acpid////
