A D/i18n_module////
A D/libaltq////
A D/libasn1////
A D/libc_r////
A D/libcom_err////
A D/libcrypt////
A D/libcurses++////
A D/libdes////
A D/libhdb////
A D/libintl////
A D/libkafs////
A D/libkvm.old////
A D/libm_i387////
A D/libresolv////
A D/libsa////
A D/libsectok////
A D/libss////
A D/libtelnet////
A D/libterm////
A D/libtermlib////
A D/libusb////
R D/libusb////
R D/libtermlib////
R D/libterm////
R D/libtelnet////
R D/libss////
R D/libsectok////
R D/libsa////
R D/libresolv////
R D/libm_i387////
R D/libkvm.old////
R D/libkafs////
R D/libintl////
R D/libhdb////
R D/libdes////
R D/libcurses++////
R D/libcrypt////
R D/libcom_err////
R D/libc_r////
R D/libasn1////
R D/libaltq////
R D/i18n_module////
